<?xml version="1.0" encoding="UTF-8"?>
<!-- Generated by org.testng.reporters.JUnitXMLReporter -->
<testsuite ignored="3" hostname="DESKTOP-1E7MQ28" failures="0" tests="2" name="Test" time="0.048" errors="0" timestamp="2023-12-11T13:02:53 IST">
  <testcase classname="TestNG_practice.Groups_atr_practice" name="add_to_cart" time="0.006"/>
  <testcase classname="TestNG_practice.Groups_atr_practice" name="signup" time="0.001"/>
  <testcase classname="TestNG_practice.Groups_atr_practice" name="search_product" time="0.0">
    <ignored/>
  </testcase> <!-- search_product -->
  <testcase classname="TestNG_practice.Groups_atr_practice" name="logout" time="0.0">
    <ignored/>
  </testcase> <!-- logout -->
  <testcase classname="TestNG_practice.Groups_atr_practice" name="login" time="0.0">
    <ignored/>
  </testcase> <!-- login -->
</testsuite> <!-- Test -->
