<?xml version="1.0" encoding="UTF-8"?>
<!-- Generated by org.testng.reporters.JUnitXMLReporter -->
<testsuite ignored="0" hostname="DESKTOP-1E7MQ28" failures="0" tests="2" name="Default test" time="15.644" errors="0" timestamp="2023-12-15T18:29:13 IST">
  <testcase classname="TestNG_practice.dataprovider_anotherclass_practice" name="login" time="8.397"/>
  <testcase classname="TestNG_practice.dataprovider_anotherclass_practice" name="login" time="7.195"/>
</testsuite> <!-- Default test -->
