<?xml version="1.0" encoding="UTF-8"?>
<testng-results ignored="0" total="2" passed="2" failed="0" skipped="0">
  <reporter-output>
  </reporter-output>
  <suite started-at="2023-12-08T14:03:54 IST" name="Suite" finished-at="2023-12-08T14:04:03 IST" duration-ms="9446">
    <groups>
    </groups>
    <test started-at="2023-12-08T14:03:54 IST" name="Test" finished-at="2023-12-08T14:04:03 IST" duration-ms="9446">
      <class name="TestNG_practice.checkbox_table_practice">
        <test-method signature="checkbox_table()[pri:0, instance:TestNG_practice.checkbox_table_practice@38d8f54a]" started-at="2023-12-08T14:03:59 IST" name="checkbox_table" finished-at="2023-12-08T14:04:03 IST" duration-ms="4517" status="PASS">
          <reporter-output>
          </reporter-output>
        </test-method> <!-- checkbox_table -->
      </class> <!-- TestNG_practice.checkbox_table_practice -->
      <class name="TestNG_practice.Table_practice">
        <test-method signature="main()[pri:0, instance:TestNG_practice.Table_practice@7d8995e]" started-at="2023-12-08T14:03:54 IST" name="main" finished-at="2023-12-08T14:03:59 IST" duration-ms="4892" status="PASS">
          <reporter-output>
          </reporter-output>
        </test-method> <!-- main -->
      </class> <!-- TestNG_practice.Table_practice -->
    </test> <!-- Test -->
  </suite> <!-- Suite -->
</testng-results>
